mode: set
github.com/eltonCasacio/controle-estoque/internal/infrastructure/repository/usuario/usuario.repository.go:13.59,15.2 1 1
github.com/eltonCasacio/controle-estoque/internal/infrastructure/repository/usuario/usuario.repository.go:17.75,19.2 1 1
github.com/eltonCasacio/controle-estoque/internal/infrastructure/repository/usuario/usuario.repository.go:21.81,23.71 2 1
github.com/eltonCasacio/controle-estoque/internal/infrastructure/repository/usuario/usuario.repository.go:26.2,26.22 1 1
github.com/eltonCasacio/controle-estoque/internal/infrastructure/repository/usuario/usuario.repository.go:23.71,25.3 1 1
github.com/eltonCasacio/controle-estoque/internal/infrastructure/repository/usuario/usuario.repository.go:29.74,31.51 2 1
github.com/eltonCasacio/controle-estoque/internal/infrastructure/repository/usuario/usuario.repository.go:34.2,34.23 1 1
github.com/eltonCasacio/controle-estoque/internal/infrastructure/repository/usuario/usuario.repository.go:31.51,33.3 1 0
github.com/eltonCasacio/controle-estoque/internal/infrastructure/repository/usuario/usuario.repository.go:37.75,39.16 2 1
github.com/eltonCasacio/controle-estoque/internal/infrastructure/repository/usuario/usuario.repository.go:42.2,42.33 1 1
github.com/eltonCasacio/controle-estoque/internal/infrastructure/repository/usuario/usuario.repository.go:39.16,41.3 1 1
github.com/eltonCasacio/controle-estoque/internal/infrastructure/repository/usuario/usuario.repository.go:45.56,47.16 2 1
github.com/eltonCasacio/controle-estoque/internal/infrastructure/repository/usuario/usuario.repository.go:50.2,51.33 2 1
github.com/eltonCasacio/controle-estoque/internal/infrastructure/repository/usuario/usuario.repository.go:47.16,49.3 1 1
