mode: set
github.com/eltonCasacio/controle-estoque/src/domain/fornecedor/entity/fornecedor.go:26.24,39.16 3 1
github.com/eltonCasacio/controle-estoque/src/domain/fornecedor/entity/fornecedor.go:43.2,43.15 1 1
github.com/eltonCasacio/controle-estoque/src/domain/fornecedor/entity/fornecedor.go:39.16,41.3 1 1
github.com/eltonCasacio/controle-estoque/src/domain/fornecedor/entity/fornecedor.go:46.38,47.26 1 1
github.com/eltonCasacio/controle-estoque/src/domain/fornecedor/entity/fornecedor.go:51.2,51.26 1 1
github.com/eltonCasacio/controle-estoque/src/domain/fornecedor/entity/fornecedor.go:54.2,54.24 1 1
github.com/eltonCasacio/controle-estoque/src/domain/fornecedor/entity/fornecedor.go:57.2,57.12 1 1
github.com/eltonCasacio/controle-estoque/src/domain/fornecedor/entity/fornecedor.go:47.26,49.3 1 1
github.com/eltonCasacio/controle-estoque/src/domain/fornecedor/entity/fornecedor.go:51.26,53.3 1 1
github.com/eltonCasacio/controle-estoque/src/domain/fornecedor/entity/fornecedor.go:54.24,56.3 1 1
github.com/eltonCasacio/controle-estoque/src/domain/fornecedor/entity/fornecedor.go:60.37,62.2 1 1
github.com/eltonCasacio/controle-estoque/src/domain/fornecedor/entity/fornecedor.go:64.73,65.20 1 1
github.com/eltonCasacio/controle-estoque/src/domain/fornecedor/entity/fornecedor.go:68.2,69.12 2 1
github.com/eltonCasacio/controle-estoque/src/domain/fornecedor/entity/fornecedor.go:65.20,67.3 1 1
github.com/eltonCasacio/controle-estoque/src/domain/fornecedor/entity/fornecedor.go:72.56,73.26 1 1
github.com/eltonCasacio/controle-estoque/src/domain/fornecedor/entity/fornecedor.go:76.2,76.16 1 1
github.com/eltonCasacio/controle-estoque/src/domain/fornecedor/entity/fornecedor.go:80.2,80.31 1 1
github.com/eltonCasacio/controle-estoque/src/domain/fornecedor/entity/fornecedor.go:86.2,86.12 1 1
github.com/eltonCasacio/controle-estoque/src/domain/fornecedor/entity/fornecedor.go:73.26,75.3 1 1
github.com/eltonCasacio/controle-estoque/src/domain/fornecedor/entity/fornecedor.go:76.16,78.3 1 1
github.com/eltonCasacio/controle-estoque/src/domain/fornecedor/entity/fornecedor.go:80.31,81.23 1 1
github.com/eltonCasacio/controle-estoque/src/domain/fornecedor/entity/fornecedor.go:81.23,84.4 2 1
github.com/eltonCasacio/controle-estoque/src/domain/fornecedor/entity/fornecedor.go:89.61,90.23 1 0
github.com/eltonCasacio/controle-estoque/src/domain/fornecedor/entity/fornecedor.go:93.2,94.12 2 0
github.com/eltonCasacio/controle-estoque/src/domain/fornecedor/entity/fornecedor.go:90.23,92.3 1 0
github.com/eltonCasacio/controle-estoque/src/domain/fornecedor/entity/fornecedor.go:97.76,99.16 2 0
github.com/eltonCasacio/controle-estoque/src/domain/fornecedor/entity/fornecedor.go:102.2,103.12 2 0
github.com/eltonCasacio/controle-estoque/src/domain/fornecedor/entity/fornecedor.go:99.16,101.3 1 0
github.com/eltonCasacio/controle-estoque/src/domain/fornecedor/entity/fornecedor.go:106.37,108.16 2 0
github.com/eltonCasacio/controle-estoque/src/domain/fornecedor/entity/fornecedor.go:111.2,112.12 2 0
github.com/eltonCasacio/controle-estoque/src/domain/fornecedor/entity/fornecedor.go:108.16,110.3 1 0
github.com/eltonCasacio/controle-estoque/src/domain/fornecedor/entity/fornecedor.go:115.40,118.2 2 0
